INFO 2022-02-21 09:57:46,829 basehttp 25312 15096 "POST /login/ HTTP/1.1" 200 483
INFO 2022-02-21 09:58:01,663 basehttp 25312 15096 "GET /clients/?name_contains=second HTTP/1.1" 200 1445
WARNING 2022-02-21 09:58:24,048 basehttp 25312 15096 "GET /clients/?name_contains=second HTTP/1.1" 401 58
WARNING 2022-02-21 10:01:56,668 basehttp 5572 1804 "GET /clients/?name_contains=second HTTP/1.1" 401 58
INFO 2022-02-21 10:02:05,832 basehttp 5572 1804 "GET /clients/?name_contains=second HTTP/1.1" 200 1445
INFO 2022-02-21 11:13:01,575 basehttp 15952 10576 "POST /login/ HTTP/1.1" 200 483
INFO 2022-02-21 11:14:19,360 basehttp 15952 10576 "GET /contracts/?date_contract=2022-02-05 HTTP/1.1" 200 1298
INFO 2022-02-21 11:15:08,707 basehttp 15952 10576 "GET /contracts/?email=client1 HTTP/1.1" 200 673
INFO 2022-02-21 11:16:06,733 basehttp 15952 10576 "GET /events/?name_contains=first HTTP/1.1" 200 52
INFO 2022-02-21 11:16:17,699 basehttp 15952 10576 "GET /events/?name_contains=second HTTP/1.1" 200 959
WARNING 2022-02-21 11:24:06,569 basehttp 15588 3088 "GET / HTTP/1.1" 404 5271
INFO 2022-02-21 11:24:27,768 basehttp 15588 3088 "GET /management/ HTTP/1.1" 200 7850
INFO 2022-02-21 11:24:28,872 basehttp 15588 14500 "GET /static/admin/css/responsive.css HTTP/1.1" 200 18545
INFO 2022-02-21 11:24:28,872 basehttp 15588 22864 "GET /static/admin/css/dashboard.css HTTP/1.1" 200 380
INFO 2022-02-21 11:24:28,875 basehttp 15588 11384 "GET /static/admin/css/nav_sidebar.css HTTP/1.1" 200 2616
INFO 2022-02-21 11:24:28,879 basehttp 15588 3088 "GET /static/admin/css/base.css HTTP/1.1" 200 19513
INFO 2022-02-21 11:24:28,885 basehttp 15588 14500 "GET /static/admin/css/fonts.css HTTP/1.1" 200 423
INFO 2022-02-21 11:24:28,895 basehttp 15588 14500 "GET /static/admin/img/icon-addlink.svg HTTP/1.1" 200 331
INFO 2022-02-21 11:24:28,895 basehttp 15588 11384 "GET /static/admin/img/icon-changelink.svg HTTP/1.1" 200 380
INFO 2022-02-21 11:24:28,904 basehttp 15588 22864 "GET /static/admin/fonts/Roboto-Regular-webfont.woff HTTP/1.1" 200 85876
INFO 2022-02-21 11:24:28,904 basehttp 15588 11384 "GET /static/admin/fonts/Roboto-Bold-webfont.woff HTTP/1.1" 200 86184
INFO 2022-02-21 11:24:28,905 basehttp 15588 14500 "GET /static/admin/fonts/Roboto-Light-webfont.woff HTTP/1.1" 200 85692
INFO 2022-02-21 11:24:38,848 basehttp 15588 11384 "GET /management/crm_api/client/ HTTP/1.1" 200 12980
INFO 2022-02-21 11:24:38,882 basehttp 15588 11384 "GET /static/admin/css/changelists.css HTTP/1.1" 200 6932
INFO 2022-02-21 11:24:38,888 basehttp 15588 22864 "GET /static/admin/img/icon-no.svg HTTP/1.1" 200 560
INFO 2022-02-21 11:24:38,888 basehttp 15588 14500 "GET /static/admin/img/icon-yes.svg HTTP/1.1" 200 436
INFO 2022-02-21 11:24:38,889 basehttp 15588 11384 "GET /static/admin/img/search.svg HTTP/1.1" 200 458
INFO 2022-02-21 11:24:38,945 basehttp 15588 11384 "GET /static/admin/img/sorting-icons.svg HTTP/1.1" 200 1097
INFO 2022-02-21 11:24:59,828 basehttp 15588 11384 "GET /management/crm_api/company/ HTTP/1.1" 200 6974
INFO 2022-02-21 11:25:02,685 basehttp 15588 11384 "GET /management/crm_api/company/12/change/ HTTP/1.1" 200 6468
INFO 2022-02-21 11:25:02,729 basehttp 15588 11384 "GET /static/admin/css/forms.css HTTP/1.1" 200 8835
INFO 2022-02-21 11:25:02,753 basehttp 15588 11384 "GET /static/admin/css/widgets.css HTTP/1.1" 200 11097
INFO 2022-02-21 11:25:02,793 basehttp 15588 22864 "GET /management/jsi18n/ HTTP/1.1" 200 7953
INFO 2022-02-21 11:25:06,257 basehttp 15588 11384 "GET /management/crm_api/contract/ HTTP/1.1" 200 11996
INFO 2022-02-21 11:25:10,570 basehttp 15588 11384 "GET /management/crm_api/contract/6/change/ HTTP/1.1" 200 9679
INFO 2022-02-21 11:25:10,663 basehttp 15588 11384 "GET /management/jsi18n/ HTTP/1.1" 200 7953
INFO 2022-02-21 11:25:10,667 basehttp 15588 22864 "GET /static/admin/img/icon-deletelink.svg HTTP/1.1" 200 392
INFO 2022-02-21 11:25:10,733 basehttp 15588 22864 "GET /static/admin/img/icon-clock.svg HTTP/1.1" 200 677
INFO 2022-02-21 11:25:10,733 basehttp 15588 11384 "GET /static/admin/img/icon-calendar.svg HTTP/1.1" 200 1086
INFO 2022-02-21 11:25:23,925 basehttp 15588 11384 "GET /management/crm_api/event/ HTTP/1.1" 200 10965
INFO 2022-02-21 11:25:25,527 basehttp 15588 11384 "GET /management/crm_api/event/13/change/ HTTP/1.1" 200 11146
INFO 2022-02-21 11:25:25,616 basehttp 15588 11384 "GET /management/jsi18n/ HTTP/1.1" 200 7953
INFO 2022-02-21 11:25:37,580 basehttp 15588 11384 "POST /management/crm_api/event/13/change/ HTTP/1.1" 302 0
INFO 2022-02-21 11:25:37,683 basehttp 15588 11384 "GET /management/crm_api/event/ HTTP/1.1" 200 11197
INFO 2022-02-21 11:25:40,057 basehttp 15588 11384 "GET /management/crm_api/event/13/change/ HTTP/1.1" 200 11146
INFO 2022-02-21 11:25:40,154 basehttp 15588 11384 "GET /management/jsi18n/ HTTP/1.1" 200 7953
INFO 2022-02-21 11:25:51,557 basehttp 15588 11384 "POST /management/crm_api/event/13/change/ HTTP/1.1" 302 0
INFO 2022-02-21 11:25:51,694 basehttp 15588 11384 "GET /management/crm_api/event/ HTTP/1.1" 200 11194
INFO 2022-02-21 11:25:53,530 basehttp 15588 11384 "GET /management/crm_api/event/13/change/ HTTP/1.1" 200 11146
INFO 2022-02-21 11:25:53,616 basehttp 15588 11384 "GET /management/jsi18n/ HTTP/1.1" 200 7953
INFO 2022-02-21 11:26:04,404 basehttp 15588 11384 "GET /management/crm_api/event/ HTTP/1.1" 200 10965
INFO 2022-02-21 11:26:16,115 basehttp 15588 11384 "GET /management/crm_api/event/?status__exact=1 HTTP/1.1" 200 11721
INFO 2022-02-21 11:26:19,702 basehttp 15588 11384 "GET /management/crm_api/event/?status__exact=1&support_contact__id__exact=6 HTTP/1.1" 200 9034
INFO 2022-02-21 11:26:26,167 basehttp 15588 11384 "GET /management/crm_api/client/ HTTP/1.1" 200 12980
INFO 2022-02-21 11:26:56,120 basehttp 15588 11384 "GET /management/authentication/user/ HTTP/1.1" 200 13727
INFO 2022-02-21 11:26:56,225 basehttp 15588 11384 "GET /management/jsi18n/ HTTP/1.1" 200 7953
INFO 2022-02-21 11:26:56,262 basehttp 15588 11384 "GET /static/admin/img/tooltag-add.svg HTTP/1.1" 200 331
INFO 2022-02-22 09:38:23,666 basehttp 9996 14228 "POST /login/ HTTP/1.1" 200 483
WARNING 2022-02-22 09:38:41,360 basehttp 9996 14228 "POST /login/ HTTP/1.1" 400 45
WARNING 2022-02-22 09:38:47,437 basehttp 9996 14228 "POST /login/ HTTP/1.1" 401 79
WARNING 2022-02-22 09:41:05,435 basehttp 9996 14228 "POST /login/refresh/ HTTP/1.1" 400 41
INFO 2022-02-22 09:41:45,406 basehttp 9996 14228 "POST /login/refresh/ HTTP/1.1" 200 241
WARNING 2022-02-22 09:41:58,576 basehttp 9996 14228 "POST /login/refresh/ HTTP/1.1" 401 70
INFO 2022-02-22 09:54:13,351 basehttp 9996 14228 "POST /login/ HTTP/1.1" 200 483
INFO 2022-02-22 09:54:29,294 basehttp 9996 14228 "GET /companies/ HTTP/1.1" 200 110
WARNING 2022-02-22 09:54:43,237 basehttp 9996 14228 "GET /companies/ HTTP/1.1" 401 188
WARNING 2022-02-22 09:54:53,213 basehttp 9996 14228 "GET /companies/ HTTP/1.1" 401 58
WARNING 2022-02-22 09:58:31,794 basehttp 9996 14228 "POST /companies/ HTTP/1.1" 403 90
WARNING 2022-02-22 09:58:57,163 basehttp 9996 14228 "POST /companies/ HTTP/1.1" 401 58
INFO 2022-02-22 09:59:21,097 basehttp 9996 14228 "POST /login/ HTTP/1.1" 200 483
INFO 2022-02-22 09:59:36,943 basehttp 9996 14228 "POST /companies/ HTTP/1.1" 201 28
INFO 2022-02-22 10:12:11,609 basehttp 9996 14228 "POST /login/ HTTP/1.1" 200 483
WARNING 2022-02-22 10:12:21,466 basehttp 9996 14228 "PUT /companies/14/ HTTP/1.1" 401 188
WARNING 2022-02-22 10:12:47,586 basehttp 9996 14228 "PUT /companies/14/ HTTP/1.1" 401 58
WARNING 2022-02-22 10:12:58,116 basehttp 9996 14228 "PUT /companies/14/ HTTP/1.1" 403 90
WARNING 2022-02-22 10:13:35,234 basehttp 9996 14228 "POST /login/ HTTP/1.1" 401 79
WARNING 2022-02-22 10:13:46,086 basehttp 9996 14228 "POST /login/ HTTP/1.1" 401 79
INFO 2022-02-22 10:13:53,605 basehttp 9996 14228 "POST /login/ HTTP/1.1" 200 483
INFO 2022-02-22 10:14:09,782 basehttp 9996 14228 "PUT /companies/14/ HTTP/1.1" 201 29
INFO 2022-02-22 10:14:32,359 basehttp 9996 14228 "PUT /companies/14/ HTTP/1.1" 201 28
INFO 2022-02-22 10:17:22,906 basehttp 9996 14228 "POST /login/ HTTP/1.1" 200 483
WARNING 2022-02-22 10:17:47,209 basehttp 9996 14228 "DELETE /companies/14/ HTTP/1.1" 403 90
WARNING 2022-02-22 10:17:56,433 basehttp 9996 14228 "DELETE /companies/14/ HTTP/1.1" 401 58
WARNING 2022-02-22 10:18:09,581 basehttp 9996 14228 "DELETE /companies/12/ HTTP/1.1" 403 90
INFO 2022-02-22 10:18:28,969 basehttp 9996 14228 "POST /login/ HTTP/1.1" 200 483
WARNING 2022-02-22 10:18:41,179 basehttp 9996 14228 "DELETE /companies/12/ HTTP/1.1" 400 133
INFO 2022-02-22 10:19:00,162 basehttp 9996 14228 "DELETE /companies/14/ HTTP/1.1" 204 66
WARNING 2022-02-22 10:29:56,191 basehttp 9996 14228 "GET /companies/12/ HTTP/1.1" 401 127
INFO 2022-02-22 10:30:14,322 basehttp 9996 14228 "GET /companies/12/ HTTP/1.1" 200 28
WARNING 2022-02-22 11:20:00,050 basehttp 9996 14228 "GET /clients/ HTTP/1.1" 401 188
WARNING 2022-02-22 11:20:13,604 basehttp 9996 14228 "GET /clients/54/ HTTP/1.1" 401 188
WARNING 2022-02-22 11:20:31,249 basehttp 9996 14228 "GET /clients/ HTTP/1.1" 401 58
WARNING 2022-02-22 11:20:32,825 basehttp 9996 14228 "GET /clients/ HTTP/1.1" 401 58
WARNING 2022-02-22 11:20:39,013 basehttp 9996 14228 "GET /clients/ HTTP/1.1" 401 58
INFO 2022-02-22 11:20:54,108 basehttp 9996 14228 "POST /login/ HTTP/1.1" 200 483
INFO 2022-02-22 11:21:05,661 basehttp 9996 14228 "GET /clients/ HTTP/1.1" 200 2483
INFO 2022-02-22 11:22:03,225 basehttp 9996 14228 "GET /clients/?company_name=first HTTP/1.1" 200 1089
INFO 2022-02-22 11:26:32,422 basehttp 9996 14228 "GET /clients/?email=client1 HTTP/1.1" 200 52
INFO 2022-02-22 11:26:37,533 basehttp 9996 14228 "GET /clients/?email=client2 HTTP/1.1" 200 52
INFO 2022-02-22 11:26:43,980 basehttp 9996 14228 "GET /clients/?email=client7 HTTP/1.1" 200 52
INFO 2022-02-22 11:27:21,902 basehttp 9996 14228 "GET /clients/?email=client7 HTTP/1.1" 200 52
ERROR 2022-02-22 11:27:24,203 basehttp 10404 28776 "GET /clients/?email=client7 HTTP/1.1" 500 158114
ERROR 2022-02-22 11:27:48,837 basehttp 30168 19652 "GET /clients/?email=client7 HTTP/1.1" 500 158078
INFO 2022-02-22 11:28:03,047 basehttp 25020 14680 "GET /clients/?email=client7 HTTP/1.1" 200 52
INFO 2022-02-22 11:28:12,206 basehttp 25020 14680 "GET /clients/?email=client7@client7.fr HTTP/1.1" 200 398
INFO 2022-02-22 11:30:03,017 basehttp 25020 14680 "GET /clients/54/ HTTP/1.1" 200 349
INFO 2022-02-22 11:36:43,906 basehttp 18856 13456 "GET /companies/12/client_by_company HTTP/1.1" 301 0
WARNING 2022-02-22 11:36:43,972 basehttp 18856 13456 "GET /companies/12/client_by_company/ HTTP/1.1" 405 49
ERROR 2022-02-22 11:38:45,116 basehttp 18856 13456 "POST /companies/12/client_by_company HTTP/1.1" 500 73242
WARNING 2022-02-22 11:38:54,596 basehttp 18856 18948 "POST /companies/12/client_by_company/ HTTP/1.1" 401 58
WARNING 2022-02-22 11:39:18,849 basehttp 18856 18948 "POST /companies/12/client_by_company/ HTTP/1.1" 401 188
INFO 2022-02-22 11:39:43,357 basehttp 18856 18948 "POST /login/ HTTP/1.1" 200 483
WARNING 2022-02-22 11:39:55,366 basehttp 18856 18948 "POST /companies/12/client_by_company/ HTTP/1.1" 403 90
INFO 2022-02-22 11:41:40,129 basehttp 18856 18948 "POST /login/ HTTP/1.1" 200 486
WARNING 2022-02-22 11:41:51,333 basehttp 18856 18948 "POST /companies/12/client_by_company/ HTTP/1.1" 400 65
INFO 2022-02-22 11:43:16,759 basehttp 18856 18948 "POST /companies/12/client_by_company/ HTTP/1.1" 201 242
WARNING 2022-02-22 11:52:20,537 basehttp 22616 18528 "PUT /companies/12/client_by_company/73/ HTTP/1.1" 401 58
WARNING 2022-02-22 11:52:28,676 basehttp 22616 18528 "PUT /companies/12/client_by_company/73/ HTTP/1.1" 401 188
INFO 2022-02-22 11:53:46,480 basehttp 22616 18528 "POST /login/ HTTP/1.1" 200 483
WARNING 2022-02-22 11:53:59,932 basehttp 22616 18528 "PUT /companies/12/client_by_company/73/ HTTP/1.1" 403 78
INFO 2022-02-22 11:54:32,052 basehttp 22616 18528 "POST /login/ HTTP/1.1" 200 483
WARNING 2022-02-22 11:54:43,344 basehttp 22616 18528 "PUT /companies/12/client_by_company/73/ HTTP/1.1" 403 90
WARNING 2022-02-22 11:56:58,562 basehttp 20952 26952 "PUT /companies/12/client_by_company/73/ HTTP/1.1" 403 51
INFO 2022-02-22 11:58:24,061 basehttp 20952 26952 "POST /login/ HTTP/1.1" 200 486
WARNING 2022-02-22 11:58:37,031 basehttp 20952 26952 "PUT /companies/12/client_by_company/73/ HTTP/1.1" 403 51
WARNING 2022-02-22 11:59:04,459 basehttp 20952 26952 "PUT /companies/12/client_by_company/73/ HTTP/1.1" 403 75
WARNING 2022-02-22 12:00:02,013 basehttp 20952 26952 "PUT /companies/12/client_by_company/73/ HTTP/1.1" 400 65
INFO 2022-02-22 12:00:21,904 basehttp 20952 26952 "PUT /companies/12/client_by_company/73/ HTTP/1.1" 202 252
INFO 2022-02-22 12:00:54,517 basehttp 20952 26952 "POST /login/ HTTP/1.1" 200 483
WARNING 2022-02-22 12:01:06,554 basehttp 20952 26952 "PUT /companies/12/client_by_company/73/ HTTP/1.1" 400 65
INFO 2022-02-22 12:01:15,100 basehttp 20952 26952 "PUT /companies/12/client_by_company/73/ HTTP/1.1" 202 252
WARNING 2022-02-22 15:36:53,175 basehttp 20952 26952 "DELETE /companies/12/client_by_company/73/ HTTP/1.1" 401 58
WARNING 2022-02-22 15:37:01,262 basehttp 20952 26952 "DELETE /companies/12/client_by_company/73/ HTTP/1.1" 401 188
INFO 2022-02-22 15:37:14,022 basehttp 20952 26952 "POST /login/ HTTP/1.1" 200 483
WARNING 2022-02-22 15:37:26,957 basehttp 20952 26952 "DELETE /companies/12/client_by_company/73/ HTTP/1.1" 403 51
INFO 2022-02-22 15:37:52,993 basehttp 20952 26952 "POST /login/ HTTP/1.1" 200 483
WARNING 2022-02-22 15:38:03,750 basehttp 20952 26952 "DELETE /companies/12/client_by_company/73/ HTTP/1.1" 403 78
INFO 2022-02-22 15:38:20,884 basehttp 20952 26952 "POST /login/ HTTP/1.1" 200 486
INFO 2022-02-22 15:38:34,611 basehttp 20952 26952 "DELETE /companies/12/client_by_company/73/ HTTP/1.1" 204 65
WARNING 2022-02-22 15:39:46,820 basehttp 20952 26952 "GET /clients/54/contracts_by_client/ HTTP/1.1" 405 49
WARNING 2022-02-22 15:40:04,153 basehttp 20952 26952 "GET /contracts/5/event_by_contract/ HTTP/1.1" 405 49
INFO 2022-02-22 15:46:29,079 basehttp 20952 26952 "GET /contracts/ HTTP/1.1" 200 1298
WARNING 2022-02-22 15:46:42,768 basehttp 20952 26952 "GET /contracts/ HTTP/1.1" 401 188
WARNING 2022-02-22 15:46:49,469 basehttp 20952 26952 "GET /contracts/ HTTP/1.1" 401 58
INFO 2022-02-22 15:47:00,941 basehttp 20952 26952 "GET /contracts/ HTTP/1.1" 200 1298
INFO 2022-02-22 15:47:47,331 basehttp 20952 26952 "GET /contracts/6 HTTP/1.1" 301 0
INFO 2022-02-22 15:47:47,386 basehttp 20952 26952 "GET /contracts/6/ HTTP/1.1" 200 624
INFO 2022-02-22 15:47:55,946 basehttp 20952 26952 "GET /contracts/6/ HTTP/1.1" 200 624
INFO 2022-02-22 15:54:43,167 basehttp 20952 26952 "GET /contracts/?company_name=first HTTP/1.1" 200 673
INFO 2022-02-22 15:55:31,883 basehttp 20952 26952 "GET /contracts/?email=client7@client7.fr HTTP/1.1" 200 676
INFO 2022-02-22 15:56:01,263 basehttp 20952 26952 "GET /contracts/?date_contract=2022-02-10 HTTP/1.1" 200 1298
INFO 2022-02-22 15:56:15,758 basehttp 20952 26952 "GET /contracts/?date_contract=2022-02-11 HTTP/1.1" 200 673
INFO 2022-02-22 15:57:10,039 basehttp 20952 26952 "GET /contracts/?amount=400 HTTP/1.1" 200 1298
INFO 2022-02-22 15:57:26,498 basehttp 20952 26952 "GET /contracts/?amount=550 HTTP/1.1" 200 673
WARNING 2022-02-22 16:04:43,978 basehttp 20952 26952 "POST /clients/71/contracts_by_client/ HTTP/1.1" 401 188
WARNING 2022-02-22 16:04:50,566 basehttp 20952 26952 "POST /clients/71/contracts_by_client/ HTTP/1.1" 401 58
INFO 2022-02-22 16:05:29,263 basehttp 20952 26952 "POST /clients/71/contracts_by_client/ HTTP/1.1" 201 207
ERROR 2022-02-22 16:10:28,436 basehttp 29780 20280 "POST /clients/71/contracts_by_client/ HTTP/1.1" 500 96509
ERROR 2022-02-22 16:10:44,744 basehttp 29780 20280 "POST /clients/71/contracts_by_client/ HTTP/1.1" 500 96507
ERROR 2022-02-22 16:10:47,311 basehttp 14176 14676 "POST /clients/71/contracts_by_client/ HTTP/1.1" 500 96501
ERROR 2022-02-22 16:11:09,753 basehttp 14176 14676 "POST /clients/71/contracts_by_client/ HTTP/1.1" 500 96501
ERROR 2022-02-22 16:11:13,071 basehttp 14176 14676 "POST /clients/71/contracts_by_client/ HTTP/1.1" 500 96501
WARNING 2022-02-22 16:11:16,924 basehttp 18124 23984 "POST /clients/71/contracts_by_client/ HTTP/1.1" 403 118
INFO 2022-02-22 16:11:38,484 basehttp 18124 23984 "POST /login/ HTTP/1.1" 200 483
INFO 2022-02-22 16:11:50,178 basehttp 18124 23984 "POST /clients/71/contracts_by_client/ HTTP/1.1" 201 206
INFO 2022-02-22 16:12:21,303 basehttp 18124 23984 "POST /login/ HTTP/1.1" 200 483
WARNING 2022-02-22 16:12:32,485 basehttp 18124 23984 "POST /clients/71/contracts_by_client/ HTTP/1.1" 403 51
WARNING 2022-02-22 16:15:05,174 basehttp 18124 23984 "PUT /clients/71/contracts_by_client/18/ HTTP/1.1" 401 188
INFO 2022-02-23 16:09:49,877 basehttp 13676 18800 "POST /login/ HTTP/1.1" 200 483
WARNING 2022-02-23 16:10:14,335 basehttp 13676 18800 "PUT /clients/71/contracts_by_client/18/ HTTP/1.1" 401 58
INFO 2022-02-23 16:11:04,804 basehttp 13676 18800 "PUT /clients/71/contracts_by_client/18/ HTTP/1.1" 202 191
INFO 2022-02-23 16:11:29,361 basehttp 13676 18800 "POST /login/ HTTP/1.1" 200 486
INFO 2022-02-23 16:11:43,613 basehttp 13676 18800 "PUT /clients/71/contracts_by_client/18/ HTTP/1.1" 202 191
INFO 2022-02-23 16:11:59,720 basehttp 13676 18800 "PUT /clients/71/contracts_by_client/18/ HTTP/1.1" 202 191
INFO 2022-02-23 16:12:41,461 basehttp 13676 18800 "PUT /clients/71/contracts_by_client/18/ HTTP/1.1" 202 191
WARNING 2022-02-23 16:12:43,988 basehttp 24024 13696 "PUT /clients/71/contracts_by_client/18/ HTTP/1.1" 403 118
INFO 2022-02-23 16:13:06,458 basehttp 24024 13696 "POST /login/ HTTP/1.1" 200 483
INFO 2022-02-23 16:13:16,658 basehttp 24024 13696 "PUT /clients/71/contracts_by_client/18/ HTTP/1.1" 202 191
INFO 2022-02-23 16:13:27,759 basehttp 24024 13696 "GET /contracts/ HTTP/1.1" 200 1921
WARNING 2022-02-23 16:13:47,564 basehttp 24024 13696 "GET /contracts/email=client1@client1.fr HTTP/1.1" 404 5393
INFO 2022-02-23 16:13:55,296 basehttp 24024 13696 "GET /contracts/?email=client1@client1.fr HTTP/1.1" 200 673
INFO 2022-02-23 16:18:18,869 basehttp 22144 27140 "POST /login/ HTTP/1.1" 200 483
WARNING 2022-02-23 16:18:31,268 basehttp 22144 27140 "POST /clients/%7Bid%7D/contracts_by_client/ HTTP/1.1" 404 5393
WARNING 2022-02-23 16:18:58,044 basehttp 22144 27140 "PUT /clients/71/contracts_by_client/18/ HTTP/1.1" 403 118
INFO 2022-02-23 16:20:07,250 basehttp 25568 18160 "PUT /clients/71/contracts_by_client/18/ HTTP/1.1" 202 206
INFO 2022-02-23 16:20:24,486 basehttp 25568 18160 "POST /login/ HTTP/1.1" 200 486
WARNING 2022-02-23 16:20:33,246 basehttp 25568 18160 "PUT /clients/71/contracts_by_client/18/ HTTP/1.1" 403 118
INFO 2022-02-23 16:20:50,523 basehttp 25568 18160 "POST /login/ HTTP/1.1" 200 483
WARNING 2022-02-23 16:20:59,911 basehttp 25568 18160 "PUT /clients/71/contracts_by_client/18/ HTTP/1.1" 403 51
WARNING 2022-02-23 16:28:39,604 basehttp 20832 868 "DELETE /clients/71/contracts_by_client/18/ HTTP/1.1" 403 51
WARNING 2022-02-23 16:28:52,646 basehttp 20832 868 "DELETE /clients/71/contracts_by_client/18/ HTTP/1.1" 401 188
WARNING 2022-02-23 16:28:58,705 basehttp 20832 868 "DELETE /clients/71/contracts_by_client/18/ HTTP/1.1" 401 58
INFO 2022-02-23 16:29:21,816 basehttp 20832 868 "POST /login/ HTTP/1.1" 200 483
WARNING 2022-02-23 16:29:32,941 basehttp 20832 868 "DELETE /clients/71/contracts_by_client/18/ HTTP/1.1" 403 51
INFO 2022-02-23 16:29:51,818 basehttp 20832 868 "POST /login/ HTTP/1.1" 200 486
WARNING 2022-02-23 16:30:01,057 basehttp 20832 868 "DELETE /clients/71/contracts_by_client/18/ HTTP/1.1" 403 121
INFO 2022-02-23 16:30:13,389 basehttp 20832 868 "POST /login/ HTTP/1.1" 200 483
INFO 2022-02-23 16:30:41,400 basehttp 20832 868 "DELETE /clients/71/contracts_by_client/18/ HTTP/1.1" 204 67
WARNING 2022-02-24 15:10:08,323 basehttp 1820 20596 "GET /events/ HTTP/1.1" 401 58
WARNING 2022-02-24 15:10:14,667 basehttp 1820 20596 "GET /events/ HTTP/1.1" 401 188
INFO 2022-02-24 15:10:25,677 basehttp 1820 20596 "POST /login/ HTTP/1.1" 200 483
INFO 2022-02-24 15:10:46,190 basehttp 1820 20596 "GET /events/ HTTP/1.1" 200 959
INFO 2022-02-24 15:12:35,950 basehttp 1820 20596 "GET /events/?company_name=second HTTP/1.1" 200 959
INFO 2022-02-24 15:13:40,015 basehttp 1820 20596 "GET /events/?email=client7@client7.fr HTTP/1.1" 200 959
INFO 2022-02-24 15:14:05,892 basehttp 1820 20596 "GET /events/?date_event=2022-02-20 HTTP/1.1" 200 959
WARNING 2022-02-24 15:25:33,786 basehttp 20432 14812 "POST /contracts/5/event_by_contract/ HTTP/1.1" 401 58
WARNING 2022-02-24 15:25:41,046 basehttp 20432 14812 "POST /contracts/5/event_by_contract/ HTTP/1.1" 401 188
WARNING 2022-02-24 15:26:15,271 basehttp 20432 14812 "POST /contracts/5/event_by_contract/ HTTP/1.1" 404 87
WARNING 2022-02-24 15:26:39,355 basehttp 20432 14812 "POST /contracts/6/event_by_contract/ HTTP/1.1" 403 100
INFO 2022-02-24 15:26:52,398 basehttp 20432 14812 "POST /contracts/16/event_by_contract/ HTTP/1.1" 201 245
WARNING 2022-02-24 15:27:06,634 basehttp 20432 14812 "POST /contracts/16/event_by_contract/ HTTP/1.1" 400 90
WARNING 2022-02-24 15:38:27,764 basehttp 23944 10260 "PUT /contracts/6/event_by_contract/11/ HTTP/1.1" 401 188
WARNING 2022-02-24 15:40:06,451 basehttp 23944 10260 "PUT /contracts/6/event_by_contract/13/ HTTP/1.1" 403 134
INFO 2022-02-24 15:40:24,043 basehttp 23944 10260 "POST /login/ HTTP/1.1" 200 486
WARNING 2022-02-24 15:40:46,904 basehttp 23944 10260 "PUT /contracts/6/event_by_contract/13/ HTTP/1.1" 403 118
INFO 2022-02-24 15:40:59,958 basehttp 23944 10260 "PUT /contracts/6/event_by_contract/13/ HTTP/1.1" 202 219
INFO 2022-02-24 15:41:24,025 basehttp 23944 10260 "POST /login/ HTTP/1.1" 200 483
INFO 2022-02-24 15:41:39,595 basehttp 23944 10260 "PUT /contracts/6/event_by_contract/13/ HTTP/1.1" 202 231
INFO 2022-02-24 15:42:05,341 basehttp 23944 10260 "POST /login/ HTTP/1.1" 200 486
WARNING 2022-02-24 15:42:17,762 basehttp 23944 10260 "PUT /contracts/6/event_by_contract/13/ HTTP/1.1" 403 134
INFO 2022-02-25 15:36:48,141 basehttp 23180 5700 "POST /login/ HTTP/1.1" 200 486
WARNING 2022-02-25 15:37:41,993 basehttp 23180 5700 "POST /clients/71/contracts_by_client/ HTTP/1.1" 403 118
INFO 2022-02-25 15:38:08,510 basehttp 23180 5700 "POST /clients/54/contracts_by_client/ HTTP/1.1" 201 208
INFO 2022-02-25 15:39:19,178 basehttp 23180 5700 "POST /contracts/19/event_by_contract/ HTTP/1.1" 201 231
WARNING 2022-02-25 15:40:00,029 basehttp 23180 5700 "DELETE /clients/54/contracts_by_client/19/ HTTP/1.1" 400 112
WARNING 2022-02-25 15:41:22,238 basehttp 23180 5700 "DELETE /contracts/19/event_by_contract/18/ HTTP/1.1" 401 188
WARNING 2022-02-25 15:41:29,641 basehttp 23180 5700 "DELETE /contracts/19/event_by_contract/18/ HTTP/1.1" 401 58
INFO 2022-02-25 15:46:10,873 basehttp 9304 21820 "POST /login/ HTTP/1.1" 200 483
WARNING 2022-02-25 15:46:21,391 basehttp 9304 21820 "DELETE /contracts/19/event_by_contract/18/ HTTP/1.1" 403 110
INFO 2022-02-25 15:46:40,382 basehttp 9304 21820 "POST /login/ HTTP/1.1" 200 483
WARNING 2022-02-25 15:46:49,380 basehttp 9304 21820 "DELETE /contracts/19/event_by_contract/18/ HTTP/1.1" 403 51
INFO 2022-02-25 15:47:08,914 basehttp 9304 21820 "POST /login/ HTTP/1.1" 200 486
INFO 2022-02-25 15:47:19,699 basehttp 9304 21820 "DELETE /contracts/19/event_by_contract/18/ HTTP/1.1" 204 64
INFO 2022-02-28 12:16:16,067 basehttp 25268 14340 "HEAD /management/ HTTP/1.1" 302 0
INFO 2022-02-28 12:16:16,133 basehttp 25268 14340 "HEAD /management/login/?next=/management/ HTTP/1.1" 200 2269
INFO 2022-02-28 12:16:16,141 basehttp 25268 9752 "GET /management/ HTTP/1.1" 302 0
INFO 2022-02-28 12:16:16,162 basehttp 25268 9752 "GET /management/login/?next=/management/ HTTP/1.1" 200 2269
INFO 2022-02-28 12:16:16,594 basehttp 25268 10052 "GET /management/login/?next=/management/ HTTP/1.1" 200 2269
INFO 2022-02-28 12:16:16,726 basehttp 25268 15928 "GET /static/admin/js/nav_sidebar.js HTTP/1.1" 304 0
INFO 2022-02-28 12:16:17,210 basehttp 25268 19716 - Broken pipe from ('127.0.0.1', 64114)

INFO 2022-02-28 12:16:17,212 basehttp 25268 9752 - Broken pipe from ('127.0.0.1', 64113)

INFO 2022-02-28 12:16:17,661 basehttp 25268 23792 "GET /static/admin/css/nav_sidebar.css HTTP/1.1" 200 2616
INFO 2022-02-28 12:16:17,661 basehttp 25268 17028 "GET /static/admin/css/login.css HTTP/1.1" 200 954
INFO 2022-02-28 12:16:17,664 basehttp 25268 1076 "GET /static/admin/css/responsive.css HTTP/1.1" 200 18545
INFO 2022-02-28 12:16:17,665 basehttp 25268 10052 "GET /static/admin/css/base.css HTTP/1.1" 200 19513
INFO 2022-02-28 12:16:17,670 basehttp 25268 1076 "GET /static/admin/css/fonts.css HTTP/1.1" 200 423
INFO 2022-02-28 12:16:17,681 basehttp 25268 1076 "GET /static/admin/fonts/Roboto-Regular-webfont.woff HTTP/1.1" 200 85876
INFO 2022-02-28 12:16:17,681 basehttp 25268 23792 "GET /static/admin/fonts/Roboto-Light-webfont.woff HTTP/1.1" 200 85692
INFO 2022-02-28 12:16:38,087 basehttp 25268 1076 "POST /management/login/?next=/management/ HTTP/1.1" 200 2503
INFO 2022-02-28 12:16:38,140 basehttp 25268 1076 "GET /static/admin/fonts/Roboto-Bold-webfont.woff HTTP/1.1" 200 86184
INFO 2022-02-28 12:16:49,994 basehttp 25268 1076 "POST /management/login/?next=/management/ HTTP/1.1" 302 0
INFO 2022-02-28 12:16:50,064 basehttp 25268 1076 "GET /management/ HTTP/1.1" 200 7854
INFO 2022-02-28 12:16:50,089 basehttp 25268 1076 "GET /static/admin/css/dashboard.css HTTP/1.1" 200 380
INFO 2022-02-28 12:16:50,099 basehttp 25268 23792 "GET /static/admin/img/icon-changelink.svg HTTP/1.1" 200 380
INFO 2022-02-28 12:16:50,099 basehttp 25268 1076 "GET /static/admin/img/icon-addlink.svg HTTP/1.1" 200 331
INFO 2022-02-28 12:16:56,243 basehttp 25268 1076 "GET /management/authentication/user/ HTTP/1.1" 200 13727
INFO 2022-02-28 12:16:56,290 basehttp 25268 1076 "GET /static/admin/css/changelists.css HTTP/1.1" 200 6932
INFO 2022-02-28 12:16:56,303 basehttp 25268 1076 "GET /static/admin/js/vendor/jquery/jquery.js HTTP/1.1" 304 0
INFO 2022-02-28 12:16:56,311 basehttp 25268 17028 "GET /static/admin/js/jquery.init.js HTTP/1.1" 304 0
INFO 2022-02-28 12:16:56,312 basehttp 25268 1076 "GET /static/admin/js/core.js HTTP/1.1" 304 0
INFO 2022-02-28 12:16:56,313 basehttp 25268 15928 "GET /static/admin/js/admin/RelatedObjectLookups.js HTTP/1.1" 304 0
INFO 2022-02-28 12:16:56,313 basehttp 25268 10052 "GET /static/admin/js/actions.js HTTP/1.1" 304 0
INFO 2022-02-28 12:16:56,317 basehttp 25268 17028 "GET /static/admin/js/urlify.js HTTP/1.1" 304 0
INFO 2022-02-28 12:16:56,317 basehttp 25268 28812 "GET /static/admin/js/prepopulate.js HTTP/1.1" 304 0
INFO 2022-02-28 12:16:56,322 basehttp 25268 1076 "GET /static/admin/js/vendor/xregexp/xregexp.js HTTP/1.1" 304 0
INFO 2022-02-28 12:16:56,350 basehttp 25268 23792 "GET /management/jsi18n/ HTTP/1.1" 200 7953
INFO 2022-02-28 12:16:56,354 basehttp 25268 1076 "GET /static/admin/img/icon-yes.svg HTTP/1.1" 200 436
INFO 2022-02-28 12:16:56,354 basehttp 25268 15928 "GET /static/admin/img/search.svg HTTP/1.1" 200 458
INFO 2022-02-28 12:16:56,354 basehttp 25268 17028 "GET /static/admin/img/icon-no.svg HTTP/1.1" 200 560
INFO 2022-02-28 12:16:56,377 basehttp 25268 1076 "GET /static/admin/img/tooltag-add.svg HTTP/1.1" 200 331
INFO 2022-02-28 12:16:56,377 basehttp 25268 23792 "GET /static/admin/img/sorting-icons.svg HTTP/1.1" 200 1097
INFO 2022-02-28 12:17:30,039 basehttp 25268 1076 "GET /management/authentication/user/11/change/ HTTP/1.1" 200 9097
INFO 2022-02-28 12:17:30,069 basehttp 25268 1076 "GET /static/admin/css/forms.css HTTP/1.1" 200 8835
INFO 2022-02-28 12:17:30,077 basehttp 25268 1076 "GET /static/admin/js/change_form.js HTTP/1.1" 200 606
INFO 2022-02-28 12:17:30,077 basehttp 25268 17028 "GET /static/admin/js/prepopulate_init.js HTTP/1.1" 200 492
INFO 2022-02-28 12:17:30,095 basehttp 25268 1076 "GET /static/admin/css/widgets.css HTTP/1.1" 200 11097
INFO 2022-02-28 12:17:30,119 basehttp 25268 23792 "GET /management/jsi18n/ HTTP/1.1" 200 7953
INFO 2022-02-28 12:17:30,161 basehttp 25268 1076 - Broken pipe from ('127.0.0.1', 64118)

INFO 2022-02-28 12:17:42,721 basehttp 25268 23792 "POST /management/authentication/user/11/change/ HTTP/1.1" 302 0
INFO 2022-02-28 12:17:42,817 basehttp 25268 23792 "GET /management/authentication/user/11/change/ HTTP/1.1" 200 9373
INFO 2022-02-28 12:17:42,891 basehttp 25268 23792 "GET /management/jsi18n/ HTTP/1.1" 200 7953
INFO 2022-02-28 12:18:07,533 basehttp 25268 23792 "GET /management/crm_api/client/ HTTP/1.1" 200 12980
INFO 2022-02-28 12:18:13,568 basehttp 25268 23792 "GET /management/authentication/user/ HTTP/1.1" 200 13727
INFO 2022-02-28 12:18:13,639 basehttp 25268 23792 "GET /management/jsi18n/ HTTP/1.1" 200 7953
INFO 2022-02-28 12:18:15,861 basehttp 25268 23792 "GET /management/authentication/user/1/change/ HTTP/1.1" 200 9111
INFO 2022-02-28 12:18:15,929 basehttp 25268 23792 "GET /management/jsi18n/ HTTP/1.1" 200 7953
INFO 2022-02-28 12:18:19,804 basehttp 25268 23792 "GET /management/authentication/user/ HTTP/1.1" 200 13727
INFO 2022-02-28 12:18:19,877 basehttp 25268 23792 "GET /management/jsi18n/ HTTP/1.1" 200 7953
INFO 2022-02-28 12:18:22,125 basehttp 25268 23792 "GET /management/authentication/user/8/change/ HTTP/1.1" 200 9109
INFO 2022-02-28 12:18:22,193 basehttp 25268 23792 "GET /management/jsi18n/ HTTP/1.1" 200 7953
INFO 2022-02-28 12:18:31,601 basehttp 25268 23792 "GET /management/authentication/user/ HTTP/1.1" 200 13727
INFO 2022-02-28 12:18:31,672 basehttp 25268 23792 "GET /management/jsi18n/ HTTP/1.1" 200 7953
INFO 2022-02-28 12:19:04,597 basehttp 25268 23792 "GET /management/crm_api/client/ HTTP/1.1" 200 12980
INFO 2022-02-28 12:19:06,744 basehttp 25268 23792 "GET /management/crm_api/client/52/change/ HTTP/1.1" 200 11509
INFO 2022-02-28 12:19:06,817 basehttp 25268 23792 "GET /static/admin/img/icon-deletelink.svg HTTP/1.1" 200 392
INFO 2022-02-28 12:19:06,878 basehttp 25268 17028 "GET /management/jsi18n/ HTTP/1.1" 200 7953
INFO 2022-02-28 12:19:24,281 basehttp 25268 23792 "GET /management/crm_api/company/ HTTP/1.1" 200 6974
INFO 2022-02-28 12:19:26,529 basehttp 25268 23792 "GET /management/crm_api/company/13/change/ HTTP/1.1" 200 6472
INFO 2022-02-28 12:19:26,602 basehttp 25268 23792 "GET /management/jsi18n/ HTTP/1.1" 200 7953
INFO 2022-02-28 12:19:31,425 basehttp 25268 23792 "GET /management/crm_api/client/ HTTP/1.1" 200 12980
INFO 2022-02-28 12:19:37,618 basehttp 25268 23792 "GET /management/crm_api/contract/ HTTP/1.1" 200 12583
INFO 2022-02-28 12:19:40,772 basehttp 25268 23792 "GET /management/crm_api/event/ HTTP/1.1" 200 11601
INFO 2022-02-28 12:19:46,237 basehttp 25268 23792 "GET /management/authentication/user/ HTTP/1.1" 200 13727
INFO 2022-02-28 12:19:46,319 basehttp 25268 23792 "GET /management/jsi18n/ HTTP/1.1" 200 7953
INFO 2022-02-28 12:19:48,878 basehttp 25268 23792 "GET /management/authentication/user/11/change/ HTTP/1.1" 200 9097
INFO 2022-02-28 12:19:48,951 basehttp 25268 23792 "GET /management/jsi18n/ HTTP/1.1" 200 7953
WARNING 2022-02-28 12:25:51,267 basehttp 25268 26536 "GET / HTTP/1.1" 404 5271
INFO 2022-02-28 12:25:51,317 basehttp 25268 26536 - Broken pipe from ('127.0.0.1', 64467)

INFO 2022-02-28 12:25:56,387 basehttp 25268 13872 "GET /management/ HTTP/1.1" 200 7856
INFO 2022-02-28 12:25:59,440 basehttp 25268 13872 "GET /management/authentication/user/ HTTP/1.1" 200 13727
INFO 2022-02-28 12:25:59,513 basehttp 25268 13872 "GET /management/jsi18n/ HTTP/1.1" 200 7953
INFO 2022-02-28 12:26:06,288 basehttp 25268 13872 "GET /management/authentication/user/6/change/ HTTP/1.1" 200 9097
INFO 2022-02-28 12:26:06,358 basehttp 25268 13872 "GET /management/jsi18n/ HTTP/1.1" 200 7953
INFO 2022-02-28 12:26:13,574 basehttp 25268 13872 "GET /management/password_change/ HTTP/1.1" 200 5552
INFO 2022-02-28 12:26:18,125 basehttp 25268 13872 "GET /management/authentication/user/ HTTP/1.1" 200 13727
INFO 2022-02-28 12:26:18,200 basehttp 25268 13872 "GET /management/jsi18n/ HTTP/1.1" 200 7953
INFO 2022-02-28 12:26:28,559 basehttp 25268 13872 "GET /management/logout/ HTTP/1.1" 200 1593
INFO 2022-02-28 12:26:29,949 basehttp 25268 13872 "GET /management/ HTTP/1.1" 302 0
INFO 2022-02-28 12:26:29,967 basehttp 25268 13872 "GET /management/login/?next=/management/ HTTP/1.1" 200 2269
INFO 2022-02-28 12:26:45,340 basehttp 25268 13872 "POST /management/login/?next=/management/ HTTP/1.1" 200 2509
INFO 2022-02-28 12:26:52,019 basehttp 25268 13872 "POST /management/login/?next=/management/ HTTP/1.1" 200 2509
INFO 2022-02-28 12:26:59,497 basehttp 25268 13872 "POST /management/login/?next=/management/ HTTP/1.1" 302 0
INFO 2022-02-28 12:26:59,557 basehttp 25268 13872 "GET /management/ HTTP/1.1" 200 7208
INFO 2022-02-28 12:27:02,670 basehttp 25268 13872 "GET /management/authentication/user/ HTTP/1.1" 200 13733
INFO 2022-02-28 12:27:02,740 basehttp 25268 13872 "GET /management/jsi18n/ HTTP/1.1" 200 7953
INFO 2022-02-28 12:27:04,431 basehttp 25268 13872 "GET /management/authentication/user/8/change/ HTTP/1.1" 200 9115
INFO 2022-02-28 12:27:04,497 basehttp 25268 24224 "GET /management/jsi18n/ HTTP/1.1" 200 7953
INFO 2022-02-28 12:27:04,526 basehttp 25268 24224 - Broken pipe from ('127.0.0.1', 64523)

INFO 2022-02-28 12:29:00,824 basehttp 25268 11944 "GET /management/authentication/user/8/change/ HTTP/1.1" 200 9115
INFO 2022-02-28 12:29:00,840 basehttp 25268 11944 "GET /static/admin/js/nav_sidebar.js HTTP/1.1" 304 0
INFO 2022-02-28 12:29:00,845 basehttp 25268 11944 "GET /static/admin/js/core.js HTTP/1.1" 304 0
INFO 2022-02-28 12:29:00,848 basehttp 25268 10908 "GET /static/admin/js/jquery.init.js HTTP/1.1" 304 0
INFO 2022-02-28 12:29:00,852 basehttp 25268 11944 "GET /static/admin/js/urlify.js HTTP/1.1" 304 0
INFO 2022-02-28 12:29:00,853 basehttp 25268 9732 "GET /static/admin/js/vendor/jquery/jquery.js HTTP/1.1" 304 0
INFO 2022-02-28 12:29:00,853 basehttp 25268 2832 "GET /static/admin/js/admin/RelatedObjectLookups.js HTTP/1.1" 304 0
INFO 2022-02-28 12:29:00,854 basehttp 25268 20332 "GET /static/admin/js/prepopulate.js HTTP/1.1" 304 0
INFO 2022-02-28 12:29:00,854 basehttp 25268 10908 "GET /static/admin/js/vendor/xregexp/xregexp.js HTTP/1.1" 304 0
INFO 2022-02-28 12:29:00,857 basehttp 25268 11944 "GET /static/admin/js/change_form.js HTTP/1.1" 304 0
INFO 2022-02-28 12:29:00,859 basehttp 25268 9732 "GET /static/admin/js/actions.js HTTP/1.1" 304 0
INFO 2022-02-28 12:29:00,861 basehttp 25268 2832 "GET /static/admin/js/prepopulate_init.js HTTP/1.1" 304 0
INFO 2022-02-28 12:29:00,888 basehttp 25268 29092 "GET /management/jsi18n/ HTTP/1.1" 200 7953
ERROR 2022-02-28 12:30:44,814 basehttp 17472 18700 "GET /management/authentication/user/8/change/ HTTP/1.1" 500 140573
ERROR 2022-02-28 12:31:50,478 basehttp 17608 20776 "GET /management/authentication/user/8/change/ HTTP/1.1" 500 141067
ERROR 2022-02-28 12:32:54,500 basehttp 17608 20776 "GET /management/authentication/user/8/change/ HTTP/1.1" 500 141067
ERROR 2022-02-28 12:32:56,772 basehttp 22236 25336 "GET /management/authentication/user/8/change/ HTTP/1.1" 500 134952
INFO 2022-02-28 12:34:27,285 basehttp 8040 10476 "GET /management/authentication/user/8/change/ HTTP/1.1" 200 9115
INFO 2022-02-28 12:34:27,310 basehttp 8040 10476 "GET /static/admin/js/nav_sidebar.js HTTP/1.1" 304 0
INFO 2022-02-28 12:34:27,317 basehttp 8040 16924 "GET /static/admin/js/core.js HTTP/1.1" 304 0
INFO 2022-02-28 12:34:27,318 basehttp 8040 13936 "GET /static/admin/js/vendor/jquery/jquery.js HTTP/1.1" 304 0
INFO 2022-02-28 12:34:27,318 basehttp 8040 10476 "GET /static/admin/js/admin/RelatedObjectLookups.js HTTP/1.1" 304 0
INFO 2022-02-28 12:34:27,319 basehttp 8040 4732 "GET /static/admin/js/actions.js HTTP/1.1" 304 0
INFO 2022-02-28 12:34:27,319 basehttp 8040 15976 "GET /static/admin/js/jquery.init.js HTTP/1.1" 304 0
INFO 2022-02-28 12:34:27,321 basehttp 8040 16924 "GET /static/admin/js/urlify.js HTTP/1.1" 304 0
INFO 2022-02-28 12:34:27,325 basehttp 8040 13936 "GET /static/admin/js/prepopulate.js HTTP/1.1" 304 0
INFO 2022-02-28 12:34:27,327 basehttp 8040 10476 "GET /static/admin/js/vendor/xregexp/xregexp.js HTTP/1.1" 304 0
INFO 2022-02-28 12:34:27,333 basehttp 8040 4732 "GET /static/admin/js/prepopulate_init.js HTTP/1.1" 304 0
INFO 2022-02-28 12:34:27,333 basehttp 8040 15976 "GET /static/admin/js/change_form.js HTTP/1.1" 304 0
INFO 2022-02-28 12:34:27,360 basehttp 8040 13772 "GET /management/jsi18n/ HTTP/1.1" 200 7953
INFO 2022-02-28 12:34:27,394 basehttp 8040 4732 "GET /static/admin/fonts/Roboto-Bold-webfont.woff HTTP/1.1" 304 0
INFO 2022-02-28 12:34:27,394 basehttp 8040 13936 "GET /static/admin/fonts/Roboto-Light-webfont.woff HTTP/1.1" 304 0
INFO 2022-02-28 12:34:27,395 basehttp 8040 16924 "GET /static/admin/fonts/Roboto-Regular-webfont.woff HTTP/1.1" 304 0
INFO 2022-02-28 12:34:27,402 basehttp 8040 13772 - Broken pipe from ('127.0.0.1', 64754)

INFO 2022-02-28 12:34:31,740 basehttp 8040 10476 "GET /management/ HTTP/1.1" 200 7208
INFO 2022-02-28 12:34:45,411 basehttp 8040 10476 "GET /management/logout/ HTTP/1.1" 200 1593
